<?xml version="1.0" encoding="UTF-8"?>
<!-- Generated by org.testng.reporters.JUnitReportReporter -->
<testsuite hostname="LAPTOP-TBD1J5HK" failures="0" tests="1" name="com.sample.qa.testcases.ControlGroupTest" time="24.267" errors="0" timestamp="10 May 2020 20:21:33 GMT">
  <testcase classname="com.sample.qa.testcases.ControlGroupTest" name="carBooking" time="24.267"/>
</testsuite> <!-- com.sample.qa.testcases.ControlGroupTest -->
