<?xml version="1.0" encoding="UTF-8"?>
<!-- Generated by org.testng.reporters.JUnitReportReporter -->
<testsuite hostname="LAPTOP-TBD1J5HK" failures="0" tests="1" name="com.sample.qa.testcases.ContactPageTest" time="15.585" errors="0" timestamp="10 May 2020 11:33:19 GMT">
  <testcase classname="com.sample.qa.testcases.ContactPageTest" name="SelectItemsTest" time="15.585"/>
</testsuite> <!-- com.sample.qa.testcases.ContactPageTest -->
