<?xml version="1.0" encoding="UTF-8"?>
<!-- Generated by org.testng.reporters.JUnitReportReporter -->
<testsuite hostname="LAPTOP-TBD1J5HK" failures="0" tests="1" name="com.sample.qa.testcases.SelectPageTest" time="15.727" errors="0" timestamp="10 May 2020 11:03:13 GMT">
  <testcase classname="com.sample.qa.testcases.SelectPageTest" name="SelectItemsTest" time="15.727"/>
</testsuite> <!-- com.sample.qa.testcases.SelectPageTest -->
