<?xml version="1.0" encoding="UTF-8"?>
<!-- Generated by org.testng.reporters.JUnitReportReporter -->
<testsuite hostname="LAPTOP-TBD1J5HK" failures="0" tests="1" name="com.sample.qa.testcases.DropPageTest" time="14.772" errors="0" timestamp="11 May 2020 05:59:20 GMT">
  <testcase classname="com.sample.qa.testcases.DropPageTest" name="DragAndDropTest" time="14.772"/>
</testsuite> <!-- com.sample.qa.testcases.DropPageTest -->
