<?xml version="1.0" encoding="UTF-8"?>
<!-- Generated by org.testng.reporters.JUnitReportReporter -->
<testsuite hostname="LAPTOP-TBD1J5HK" failures="0" tests="1" name="com.sample.qa.testcases.DatePickerTest" time="17.888" errors="0" timestamp="10 May 2020 15:40:37 GMT">
  <testcase classname="com.sample.qa.testcases.DatePickerTest" name="SelectItemsTest" time="17.888"/>
</testsuite> <!-- com.sample.qa.testcases.DatePickerTest -->
